<?xml version="1.0" encoding="UTF-8"?>
<testsuite xmlns:xsi="http://www.w3.org/2001/XMLSchema-instance" xsi:noNamespaceSchemaLocation="https://maven.apache.org/surefire/maven-surefire-plugin/xsd/surefire-test-report.xsd" name="TestSuite" time="410.812" tests="35" errors="0" skipped="0" failures="4">
  <properties>
[...]
</properties>
  <testcase name="loginAndRedirectToDashboardPage" classname="index.IndexPageTests" time="10.162"/>
  <testcase name="logout" classname="index.IndexPageTests" time="39.753">
    <failure message="no such element: Unable to locate element: {&quot;method&quot;:&quot;xpath&quot;,&quot;selector&quot;:&quot;//a[contains(@href,&quot;/account/logout/&quot;)]&quot;}&#10;  (Session info: chrome=60.0.3112.90)&#10;  (Driver info: chromedriver=2.30.477700 (0057494ad8732195794a7b32078424f92a5fce41),platform=Windows NT 10.0.14393 x86_64) (WARNING: The server did not provide any stacktrace information)&#10;Command duration or timeout: 15.05 seconds&#10;For documentation on this error, please visit: http://seleniumhq.org/exceptions/no_such_element.html&#10;Build info: version: &apos;2.53.1&apos;, revision: &apos;a36b8b1cd5757287168e54b817830adce9b0158d&apos;, time: &apos;2016-06-30 19:26:09&apos;&#10;System info: host: &apos;WIN-UJSDDQRV49J&apos;, ip: &apos;192.168.10.1&apos;, os.name: &apos;Windows 10&apos;, os.arch: &apos;amd64&apos;, os.version: &apos;10.0&apos;, java.version: &apos;1.8.0_131&apos;&#10;Driver info: org.openqa.selenium.chrome.ChromeDriver&#10;Capabilities [{applicationCacheEnabled=false, rotatable=false, mobileEmulationEnabled=false, networkConnectionEnabled=false, chrome={chromedriverVersion=2.30.477700 (0057494ad8732195794a7b32078424f92a5fce41), userDataDir=C:\Users\User\AppData\Local\Temp\scoped_dir11376_3650}, takesHeapSnapshot=true, pageLoadStrategy=normal, databaseEnabled=false, handlesAlerts=true, hasTouchScreen=false, version=60.0.3112.90, platform=XP, browserConnectionEnabled=false, nativeEvents=true, acceptSslCerts=true, locationContextEnabled=true, webStorageEnabled=true, browserName=chrome, takesScreenshot=true, javascriptEnabled=true, cssSelectorsEnabled=true, unexpectedAlertBehaviour=}]&#10;Session ID: 5a32e740a6be125623d89bb0d8bafcb1&#10;*** Element info: {Using=xpath, value=//a[contains(@href,&quot;/account/logout/&quot;)]}" type="org.openqa.selenium.NoSuchElementException">org.openqa.selenium.NoSuchElementException: 
no such element: Unable to locate element: {"method":"xpath","selector":"//a[contains(@href,"/account/logout/")]"}
  (Session info: chrome=60.0.3112.90)
  (Driver info: chromedriver=2.30.477700 (0057494ad8732195794a7b32078424f92a5fce41),platform=Windows NT 10.0.14393 x86_64) (WARNING: The server did not provide any stacktrace information)
Command duration or timeout: 15.05 seconds
For documentation on this error, please visit: http://seleniumhq.org/exceptions/no_such_element.html
Build info: version: '2.53.1', revision: 'a36b8b1cd5757287168e54b817830adce9b0158d', time: '2016-06-30 19:26:09'
System info: host: 'WIN-UJSDDQRV49J', ip: '192.168.10.1', os.name: 'Windows 10', os.arch: 'amd64', os.version: '10.0', java.version: '1.8.0_131'
Driver info: org.openqa.selenium.chrome.ChromeDriver
Capabilities [{applicationCacheEnabled=false, rotatable=false, mobileEmulationEnabled=false, networkConnectionEnabled=false, chrome={chromedriverVersion=2.30.477700 (0057494ad8732195794a7b32078424f92a5fce41), userDataDir=C:\Users\User\AppData\Local\Temp\scoped_dir11376_3650}, takesHeapSnapshot=true, pageLoadStrategy=normal, databaseEnabled=false, handlesAlerts=true, hasTouchScreen=false, version=60.0.3112.90, platform=XP, browserConnectionEnabled=false, nativeEvents=true, acceptSslCerts=true, locationContextEnabled=true, webStorageEnabled=true, browserName=chrome, takesScreenshot=true, javascriptEnabled=true, cssSelectorsEnabled=true, unexpectedAlertBehaviour=}]
Session ID: 5a32e740a6be125623d89bb0d8bafcb1
*** Element info: {Using=xpath, value=//a[contains(@href,"/account/logout/")]}
	at index.IndexPageTests.logout(IndexPageTests.java:34)
</failure>
    <system-out><![CDATA[AFTER
]]></system-out>
  </testcase>
  <testcase name="searchFromIndexPage" classname="index.IndexPageTests" time="8.444"/>
  <testcase name="checkFirstQtyOnPageSetting" classname="shop.ShopPageTests" time="8.899"/>
  <testcase name="checkPagination" classname="shop.ShopPageTests" time="13.749"/>
  <testcase name="checkSecondQtyOnPageSetting" classname="shop.ShopPageTests" time="5.67"/>
  <testcase name="checkThirdQtyOnPageSetting" classname="shop.ShopPageTests" time="4.864"/>
  <testcase name="leftSidebarSearch" classname="shop.ShopPageTests" time="6.294"/>
  <testcase name="priceAreEqualOnShopPageAndOnProductsPage" classname="shop.ShopPageTests" time="47.465">
    <failure message="no such element: Unable to locate element: {&quot;method&quot;:&quot;xpath&quot;,&quot;selector&quot;:&quot;//div[@class=&quot;w-block-head&quot;]&quot;}&#10;  (Session info: chrome=60.0.3112.90)&#10;  (Driver info: chromedriver=2.30.477700 (0057494ad8732195794a7b32078424f92a5fce41),platform=Windows NT 10.0.14393 x86_64) (WARNING: The server did not provide any stacktrace information)&#10;Command duration or timeout: 15.02 seconds&#10;For documentation on this error, please visit: http://seleniumhq.org/exceptions/no_such_element.html&#10;Build info: version: &apos;2.53.1&apos;, revision: &apos;a36b8b1cd5757287168e54b817830adce9b0158d&apos;, time: &apos;2016-06-30 19:26:09&apos;&#10;System info: host: &apos;WIN-UJSDDQRV49J&apos;, ip: &apos;192.168.10.1&apos;, os.name: &apos;Windows 10&apos;, os.arch: &apos;amd64&apos;, os.version: &apos;10.0&apos;, java.version: &apos;1.8.0_131&apos;&#10;Driver info: org.openqa.selenium.chrome.ChromeDriver&#10;Capabilities [{applicationCacheEnabled=false, rotatable=false, mobileEmulationEnabled=false, networkConnectionEnabled=false, chrome={chromedriverVersion=2.30.477700 (0057494ad8732195794a7b32078424f92a5fce41), userDataDir=C:\Users\User\AppData\Local\Temp\scoped_dir11376_3650}, takesHeapSnapshot=true, pageLoadStrategy=normal, databaseEnabled=false, handlesAlerts=true, hasTouchScreen=false, version=60.0.3112.90, platform=XP, browserConnectionEnabled=false, nativeEvents=true, acceptSslCerts=true, locationContextEnabled=true, webStorageEnabled=true, browserName=chrome, takesScreenshot=true, javascriptEnabled=true, cssSelectorsEnabled=true, unexpectedAlertBehaviour=}]&#10;Session ID: 5a32e740a6be125623d89bb0d8bafcb1&#10;*** Element info: {Using=xpath, value=//div[@class=&quot;w-block-head&quot;]}" type="org.openqa.selenium.NoSuchElementException">org.openqa.selenium.NoSuchElementException: 
no such element: Unable to locate element: {"method":"xpath","selector":"//div[@class="w-block-head"]"}
  (Session info: chrome=60.0.3112.90)
  (Driver info: chromedriver=2.30.477700 (0057494ad8732195794a7b32078424f92a5fce41),platform=Windows NT 10.0.14393 x86_64) (WARNING: The server did not provide any stacktrace information)
Command duration or timeout: 15.02 seconds
For documentation on this error, please visit: http://seleniumhq.org/exceptions/no_such_element.html
Build info: version: '2.53.1', revision: 'a36b8b1cd5757287168e54b817830adce9b0158d', time: '2016-06-30 19:26:09'
System info: host: 'WIN-UJSDDQRV49J', ip: '192.168.10.1', os.name: 'Windows 10', os.arch: 'amd64', os.version: '10.0', java.version: '1.8.0_131'
Driver info: org.openqa.selenium.chrome.ChromeDriver
Capabilities [{applicationCacheEnabled=false, rotatable=false, mobileEmulationEnabled=false, networkConnectionEnabled=false, chrome={chromedriverVersion=2.30.477700 (0057494ad8732195794a7b32078424f92a5fce41), userDataDir=C:\Users\User\AppData\Local\Temp\scoped_dir11376_3650}, takesHeapSnapshot=true, pageLoadStrategy=normal, databaseEnabled=false, handlesAlerts=true, hasTouchScreen=false, version=60.0.3112.90, platform=XP, browserConnectionEnabled=false, nativeEvents=true, acceptSslCerts=true, locationContextEnabled=true, webStorageEnabled=true, browserName=chrome, takesScreenshot=true, javascriptEnabled=true, cssSelectorsEnabled=true, unexpectedAlertBehaviour=}]
Session ID: 5a32e740a6be125623d89bb0d8bafcb1
*** Element info: {Using=xpath, value=//div[@class="w-block-head"]}
	at shop.ShopPageTests.priceAreEqualOnShopPageAndOnProductsPage(ShopPageTests.java:80)
</failure>
    <system-out><![CDATA[AFTER
]]></system-out>
  </testcase>
  <testcase name="qtySortingSavesOnOthersPages" classname="shop.ShopPageTests" time="25.137"/>
  <testcase name="topSearch" classname="shop.ShopPageTests" time="6.335"/>
  <testcase name="addToCartAndCheckCartCounter" classname="product_page.ProductPageTests" time="31.992"/>
  <testcase name="addToCartAndContinueShopping" classname="product_page.ProductPageTests" time="16.413"/>
  <testcase name="addProductTwiceAndCheckQtyAndPrice" classname="product_page.AddToCartTests" time="17.186"/>
  <testcase name="addProductTwiceWithDifferentColor" classname="product_page.AddToCartTests" time="17.014"/>
  <testcase name="addProductTwiceWithDifferentSize" classname="product_page.AddToCartTests" time="15.927"/>
  <testcase name="addToCart" classname="product_page.AddToCartTests" time="4.887"/>
  <testcase name="addTwoDifferentProductsWithSameSizeAndColor" classname="product_page.AddToCartTests" time="2.189"/>
  <testcase name="checkPriceSizeAndColor" classname="product_page.AddToCartTests" time="4.785"/>
  <testcase name="amountPromoPopupAppearsEveryTime" classname="product_page.ProductsWithPromoTests" time="8.158"/>
  <testcase name="amountPromoValueInPopup" classname="product_page.ProductsWithPromoTests" time="2.089"/>
  <testcase name="percentPromoPopupAppearsEveryTime" classname="product_page.ProductsWithPromoTests" time="9.536"/>
  <testcase name="percentPromoValueInPopup" classname="product_page.ProductsWithPromoTests" time="2.015"/>
  <testcase name="promoPopupIsPossibleToClose" classname="product_page.ProductsWithPromoTests" time="4.063"/>
  <testcase name="missingProductSizeValidation" classname="product_page.ValidationTests" time="2.392"/>
  <testcase name="backToStore" classname="checkout.CheckoutPageTests" time="6.388"/>
  <testcase name="checkShippingPrice" classname="checkout.CheckoutPageTests" time="5.576"/>
  <testcase name="addToCartProductWithAmountDiscount" classname="checkout.PromoCodesTests" time="5.994">
    <failure message="unknown error: Element &lt;span onclick=&quot;changeColor(this)&quot; class=&quot;color-btn active&quot; color_id=&quot;1102&quot; title=&quot;Gold&quot; id=&quot;1102&quot; style=&quot;background-color: #f5d902; background-image: url(https://www.shirtee.com/media/option_image/); background-position: 50% 50%; background-repeat: no-repeat no-repeat&quot;&gt;...&lt;/span&gt; is not clickable at point (1152, 815). Other element would receive the click: &lt;div class=&quot;event-popup-placeholder&quot; style=&quot;opacity: 0.6;&quot;&gt;&lt;/div&gt;&#10;  (Session info: chrome=60.0.3112.90)&#10;  (Driver info: chromedriver=2.30.477700 (0057494ad8732195794a7b32078424f92a5fce41),platform=Windows NT 10.0.14393 x86_64) (WARNING: The server did not provide any stacktrace information)&#10;Command duration or timeout: 47 milliseconds&#10;Build info: version: &apos;2.53.1&apos;, revision: &apos;a36b8b1cd5757287168e54b817830adce9b0158d&apos;, time: &apos;2016-06-30 19:26:09&apos;&#10;System info: host: &apos;WIN-UJSDDQRV49J&apos;, ip: &apos;192.168.10.1&apos;, os.name: &apos;Windows 10&apos;, os.arch: &apos;amd64&apos;, os.version: &apos;10.0&apos;, java.version: &apos;1.8.0_131&apos;&#10;Driver info: org.openqa.selenium.chrome.ChromeDriver&#10;Capabilities [{applicationCacheEnabled=false, rotatable=false, mobileEmulationEnabled=false, networkConnectionEnabled=false, chrome={chromedriverVersion=2.30.477700 (0057494ad8732195794a7b32078424f92a5fce41), userDataDir=C:\Users\User\AppData\Local\Temp\scoped_dir11376_3650}, takesHeapSnapshot=true, pageLoadStrategy=normal, databaseEnabled=false, handlesAlerts=true, hasTouchScreen=false, version=60.0.3112.90, platform=XP, browserConnectionEnabled=false, nativeEvents=true, acceptSslCerts=true, locationContextEnabled=true, webStorageEnabled=true, browserName=chrome, takesScreenshot=true, javascriptEnabled=true, cssSelectorsEnabled=true, unexpectedAlertBehaviour=}]&#10;Session ID: 5a32e740a6be125623d89bb0d8bafcb1" type="org.openqa.selenium.WebDriverException"><![CDATA[org.openqa.selenium.WebDriverException: 
unknown error: Element <span onclick="changeColor(this)" class="color-btn active" color_id="1102" title="Gold" id="1102" style="background-color: #f5d902; background-image: url(https://www.shirtee.com/media/option_image/); background-position: 50% 50%; background-repeat: no-repeat no-repeat">...</span> is not clickable at point (1152, 815). Other element would receive the click: <div class="event-popup-placeholder" style="opacity: 0.6;"></div>
  (Session info: chrome=60.0.3112.90)
  (Driver info: chromedriver=2.30.477700 (0057494ad8732195794a7b32078424f92a5fce41),platform=Windows NT 10.0.14393 x86_64) (WARNING: The server did not provide any stacktrace information)
Command duration or timeout: 47 milliseconds
Build info: version: '2.53.1', revision: 'a36b8b1cd5757287168e54b817830adce9b0158d', time: '2016-06-30 19:26:09'
System info: host: 'WIN-UJSDDQRV49J', ip: '192.168.10.1', os.name: 'Windows 10', os.arch: 'amd64', os.version: '10.0', java.version: '1.8.0_131'
Driver info: org.openqa.selenium.chrome.ChromeDriver
Capabilities [{applicationCacheEnabled=false, rotatable=false, mobileEmulationEnabled=false, networkConnectionEnabled=false, chrome={chromedriverVersion=2.30.477700 (0057494ad8732195794a7b32078424f92a5fce41), userDataDir=C:\Users\User\AppData\Local\Temp\scoped_dir11376_3650}, takesHeapSnapshot=true, pageLoadStrategy=normal, databaseEnabled=false, handlesAlerts=true, hasTouchScreen=false, version=60.0.3112.90, platform=XP, browserConnectionEnabled=false, nativeEvents=true, acceptSslCerts=true, locationContextEnabled=true, webStorageEnabled=true, browserName=chrome, takesScreenshot=true, javascriptEnabled=true, cssSelectorsEnabled=true, unexpectedAlertBehaviour=}]
Session ID: 5a32e740a6be125623d89bb0d8bafcb1
	at checkout.PromoCodesTests.addToCartProductWithAmountDiscount(PromoCodesTests.java:51)
]]></failure>
    <system-out><![CDATA[AFTER
]]></system-out>
  </testcase>
  <testcase name="addToCartProductWithPercentDiscount" classname="checkout.PromoCodesTests" time="7.158"/>
  <testcase name="increaseProductsWithAmountDiscountQty" classname="checkout.PromoCodesTests" time="8.035">
    <failure message="unknown error: Element &lt;span onclick=&quot;changeColor(this)&quot; class=&quot;color-btn&quot; color_id=&quot;1216&quot; title=&quot;Sorbet&quot; id=&quot;1216&quot; style=&quot;background-color: #ab0017; background-image: url(https://www.shirtee.com/media/option_image/); background-position: 50% 50%; background-repeat: no-repeat no-repeat&quot;&gt;...&lt;/span&gt; is not clickable at point (1249, 815). Other element would receive the click: &lt;div class=&quot;event-popup-placeholder&quot; style=&quot;opacity: 0.6;&quot;&gt;&lt;/div&gt;&#10;  (Session info: chrome=60.0.3112.90)&#10;  (Driver info: chromedriver=2.30.477700 (0057494ad8732195794a7b32078424f92a5fce41),platform=Windows NT 10.0.14393 x86_64) (WARNING: The server did not provide any stacktrace information)&#10;Command duration or timeout: 48 milliseconds&#10;Build info: version: &apos;2.53.1&apos;, revision: &apos;a36b8b1cd5757287168e54b817830adce9b0158d&apos;, time: &apos;2016-06-30 19:26:09&apos;&#10;System info: host: &apos;WIN-UJSDDQRV49J&apos;, ip: &apos;192.168.10.1&apos;, os.name: &apos;Windows 10&apos;, os.arch: &apos;amd64&apos;, os.version: &apos;10.0&apos;, java.version: &apos;1.8.0_131&apos;&#10;Driver info: org.openqa.selenium.chrome.ChromeDriver&#10;Capabilities [{applicationCacheEnabled=false, rotatable=false, mobileEmulationEnabled=false, networkConnectionEnabled=false, chrome={chromedriverVersion=2.30.477700 (0057494ad8732195794a7b32078424f92a5fce41), userDataDir=C:\Users\User\AppData\Local\Temp\scoped_dir11376_3650}, takesHeapSnapshot=true, pageLoadStrategy=normal, databaseEnabled=false, handlesAlerts=true, hasTouchScreen=false, version=60.0.3112.90, platform=XP, browserConnectionEnabled=false, nativeEvents=true, acceptSslCerts=true, locationContextEnabled=true, webStorageEnabled=true, browserName=chrome, takesScreenshot=true, javascriptEnabled=true, cssSelectorsEnabled=true, unexpectedAlertBehaviour=}]&#10;Session ID: 5a32e740a6be125623d89bb0d8bafcb1" type="org.openqa.selenium.WebDriverException"><![CDATA[org.openqa.selenium.WebDriverException: 
unknown error: Element <span onclick="changeColor(this)" class="color-btn" color_id="1216" title="Sorbet" id="1216" style="background-color: #ab0017; background-image: url(https://www.shirtee.com/media/option_image/); background-position: 50% 50%; background-repeat: no-repeat no-repeat">...</span> is not clickable at point (1249, 815). Other element would receive the click: <div class="event-popup-placeholder" style="opacity: 0.6;"></div>
  (Session info: chrome=60.0.3112.90)
  (Driver info: chromedriver=2.30.477700 (0057494ad8732195794a7b32078424f92a5fce41),platform=Windows NT 10.0.14393 x86_64) (WARNING: The server did not provide any stacktrace information)
Command duration or timeout: 48 milliseconds
Build info: version: '2.53.1', revision: 'a36b8b1cd5757287168e54b817830adce9b0158d', time: '2016-06-30 19:26:09'
System info: host: 'WIN-UJSDDQRV49J', ip: '192.168.10.1', os.name: 'Windows 10', os.arch: 'amd64', os.version: '10.0', java.version: '1.8.0_131'
Driver info: org.openqa.selenium.chrome.ChromeDriver
Capabilities [{applicationCacheEnabled=false, rotatable=false, mobileEmulationEnabled=false, networkConnectionEnabled=false, chrome={chromedriverVersion=2.30.477700 (0057494ad8732195794a7b32078424f92a5fce41), userDataDir=C:\Users\User\AppData\Local\Temp\scoped_dir11376_3650}, takesHeapSnapshot=true, pageLoadStrategy=normal, databaseEnabled=false, handlesAlerts=true, hasTouchScreen=false, version=60.0.3112.90, platform=XP, browserConnectionEnabled=false, nativeEvents=true, acceptSslCerts=true, locationContextEnabled=true, webStorageEnabled=true, browserName=chrome, takesScreenshot=true, javascriptEnabled=true, cssSelectorsEnabled=true, unexpectedAlertBehaviour=}]
Session ID: 5a32e740a6be125623d89bb0d8bafcb1
	at checkout.PromoCodesTests.increaseProductsWithAmountDiscountQty(PromoCodesTests.java:75)
]]></failure>
    <system-out><![CDATA[AFTER
]]></system-out>
  </testcase>
  <testcase name="increaseProductsWithPercentDiscountQty" classname="checkout.PromoCodesTests" time="10.012"/>
  <testcase name="addTwoProductsAndDeleteOne" classname="checkout.OrderedItemsTests" time="17.797"/>
  <testcase name="decreaseItemQty" classname="checkout.OrderedItemsTests" time="12.504"/>
  <testcase name="increaseItemQty" classname="checkout.OrderedItemsTests" time="9.03"/>
  <testcase name="emptyEmailField" classname="checkout.ValidationTests" time="6.539"/>
</testsuite>