<?xml version="1.0" encoding="UTF-8"?>
<testsuite xmlns:xsi="http://www.w3.org/2001/XMLSchema-instance" xsi:noNamespaceSchemaLocation="https://maven.apache.org/surefire/maven-surefire-plugin/xsd/surefire-test-report.xsd" name="TestSuite" time="342.847" tests="35" errors="0" skipped="0" failures="5">
  <properties>
[...]
</properties>
  <testcase name="loginAndRedirectToDashboardPage" classname="index.IndexPageTests" time="9.164"/>
  <testcase name="logout" classname="index.IndexPageTests" time="9.786"/>
  <testcase name="searchFromIndexPage" classname="index.IndexPageTests" time="6.125"/>
  <testcase name="checkFirstQtyOnPageSetting" classname="shop.ShopPageTests" time="3.869"/>
  <testcase name="checkPagination" classname="shop.ShopPageTests" time="10.576"/>
  <testcase name="checkSecondQtyOnPageSetting" classname="shop.ShopPageTests" time="4.24"/>
  <testcase name="checkThirdQtyOnPageSetting" classname="shop.ShopPageTests" time="2.658"/>
  <testcase name="leftSidebarSearch" classname="shop.ShopPageTests" time="5.175"/>
  <testcase name="priceAreEqualOnShopPageAndOnProductsPage" classname="shop.ShopPageTests" time="28.299">
    <failure message="no such element: Unable to locate element: {&quot;method&quot;:&quot;xpath&quot;,&quot;selector&quot;:&quot;//div[@class=&quot;w-block-head&quot;]&quot;}&#10;  (Session info: chrome=59.0.3071.115)&#10;  (Driver info: chromedriver=2.30.477700 (0057494ad8732195794a7b32078424f92a5fce41),platform=Windows NT 10.0.14393 x86_64) (WARNING: The server did not provide any stacktrace information)&#10;Command duration or timeout: 15.01 seconds&#10;For documentation on this error, please visit: http://seleniumhq.org/exceptions/no_such_element.html&#10;Build info: version: &apos;2.53.1&apos;, revision: &apos;a36b8b1cd5757287168e54b817830adce9b0158d&apos;, time: &apos;2016-06-30 19:26:09&apos;&#10;System info: host: &apos;WIN-UJSDDQRV49J&apos;, ip: &apos;192.168.10.1&apos;, os.name: &apos;Windows 10&apos;, os.arch: &apos;amd64&apos;, os.version: &apos;10.0&apos;, java.version: &apos;1.8.0_131&apos;&#10;Driver info: org.openqa.selenium.chrome.ChromeDriver&#10;Capabilities [{applicationCacheEnabled=false, rotatable=false, mobileEmulationEnabled=false, networkConnectionEnabled=false, chrome={chromedriverVersion=2.30.477700 (0057494ad8732195794a7b32078424f92a5fce41), userDataDir=C:\Users\User\AppData\Local\Temp\scoped_dir9472_21479}, takesHeapSnapshot=true, pageLoadStrategy=normal, databaseEnabled=false, handlesAlerts=true, hasTouchScreen=false, version=59.0.3071.115, platform=XP, browserConnectionEnabled=false, nativeEvents=true, acceptSslCerts=true, locationContextEnabled=true, webStorageEnabled=true, browserName=chrome, takesScreenshot=true, javascriptEnabled=true, cssSelectorsEnabled=true, unexpectedAlertBehaviour=}]&#10;Session ID: f791f4afc8c014809ab6d4d1d1deba3a&#10;*** Element info: {Using=xpath, value=//div[@class=&quot;w-block-head&quot;]}" type="org.openqa.selenium.NoSuchElementException">org.openqa.selenium.NoSuchElementException: 
no such element: Unable to locate element: {"method":"xpath","selector":"//div[@class="w-block-head"]"}
  (Session info: chrome=59.0.3071.115)
  (Driver info: chromedriver=2.30.477700 (0057494ad8732195794a7b32078424f92a5fce41),platform=Windows NT 10.0.14393 x86_64) (WARNING: The server did not provide any stacktrace information)
Command duration or timeout: 15.01 seconds
For documentation on this error, please visit: http://seleniumhq.org/exceptions/no_such_element.html
Build info: version: '2.53.1', revision: 'a36b8b1cd5757287168e54b817830adce9b0158d', time: '2016-06-30 19:26:09'
System info: host: 'WIN-UJSDDQRV49J', ip: '192.168.10.1', os.name: 'Windows 10', os.arch: 'amd64', os.version: '10.0', java.version: '1.8.0_131'
Driver info: org.openqa.selenium.chrome.ChromeDriver
Capabilities [{applicationCacheEnabled=false, rotatable=false, mobileEmulationEnabled=false, networkConnectionEnabled=false, chrome={chromedriverVersion=2.30.477700 (0057494ad8732195794a7b32078424f92a5fce41), userDataDir=C:\Users\User\AppData\Local\Temp\scoped_dir9472_21479}, takesHeapSnapshot=true, pageLoadStrategy=normal, databaseEnabled=false, handlesAlerts=true, hasTouchScreen=false, version=59.0.3071.115, platform=XP, browserConnectionEnabled=false, nativeEvents=true, acceptSslCerts=true, locationContextEnabled=true, webStorageEnabled=true, browserName=chrome, takesScreenshot=true, javascriptEnabled=true, cssSelectorsEnabled=true, unexpectedAlertBehaviour=}]
Session ID: f791f4afc8c014809ab6d4d1d1deba3a
*** Element info: {Using=xpath, value=//div[@class="w-block-head"]}
	at shop.ShopPageTests.priceAreEqualOnShopPageAndOnProductsPage(ShopPageTests.java:80)
</failure>
    <system-out><![CDATA[AFTER
]]></system-out>
  </testcase>
  <testcase name="qtySortingSavesOnOthersPages" classname="shop.ShopPageTests" time="16.331"/>
  <testcase name="topSearch" classname="shop.ShopPageTests" time="5.63"/>
  <testcase name="addToCartAndCheckCartCounter" classname="product_page.ProductPageTests" time="27.502"/>
  <testcase name="addToCartAndContinueShopping" classname="product_page.ProductPageTests" time="15.903"/>
  <testcase name="addProductTwiceAndCheckQtyAndPrice" classname="product_page.AddToCartTests" time="18.278"/>
  <testcase name="addProductTwiceWithDifferentColor" classname="product_page.AddToCartTests" time="17.055"/>
  <testcase name="addProductTwiceWithDifferentSize" classname="product_page.AddToCartTests" time="15.763"/>
  <testcase name="addToCart" classname="product_page.AddToCartTests" time="5.423"/>
  <testcase name="addTwoDifferentProductsWithSameSizeAndColor" classname="product_page.AddToCartTests" time="2.104"/>
  <testcase name="checkPriceSizeAndColor" classname="product_page.AddToCartTests" time="5.906"/>
  <testcase name="amountPromoPopupAppearsEveryTime" classname="product_page.ProductsWithPromoTests" time="8.84"/>
  <testcase name="amountPromoValueInPopup" classname="product_page.ProductsWithPromoTests" time="2.017"/>
  <testcase name="percentPromoPopupAppearsEveryTime" classname="product_page.ProductsWithPromoTests" time="7.403"/>
  <testcase name="percentPromoValueInPopup" classname="product_page.ProductsWithPromoTests" time="2.437"/>
  <testcase name="promoPopupIsPossibleToClose" classname="product_page.ProductsWithPromoTests" time="3.482"/>
  <testcase name="missingProductSizeValidation" classname="product_page.ValidationTests" time="2.402"/>
  <testcase name="backToStore" classname="checkout.CheckoutPageTests" time="7.476"/>
  <testcase name="checkShippingPrice" classname="checkout.CheckoutPageTests" time="5.037"/>
  <testcase name="addToCartProductWithAmountDiscount" classname="checkout.PromoCodesTests" time="7.866"/>
  <testcase name="addToCartProductWithPercentDiscount" classname="checkout.PromoCodesTests" time="5.747">
    <failure message="unknown error: Element &lt;span onclick=&quot;changeColor(this)&quot; class=&quot;color-btn&quot; color_id=&quot;224&quot; title=&quot;Sand&quot; id=&quot;224&quot; style=&quot;background-color: #e0b86e; background-image: url(https://www.shirtee.de/media/option_image/); background-position: 50% 50%; background-repeat: no-repeat no-repeat&quot;&gt;...&lt;/span&gt; is not clickable at point (1217, 391). Other element would receive the click: &lt;div class=&quot;event-popup-placeholder&quot; style=&quot;opacity: 0.6;&quot;&gt;&lt;/div&gt;&#10;  (Session info: chrome=59.0.3071.115)&#10;  (Driver info: chromedriver=2.30.477700 (0057494ad8732195794a7b32078424f92a5fce41),platform=Windows NT 10.0.14393 x86_64) (WARNING: The server did not provide any stacktrace information)&#10;Command duration or timeout: 52 milliseconds&#10;Build info: version: &apos;2.53.1&apos;, revision: &apos;a36b8b1cd5757287168e54b817830adce9b0158d&apos;, time: &apos;2016-06-30 19:26:09&apos;&#10;System info: host: &apos;WIN-UJSDDQRV49J&apos;, ip: &apos;192.168.10.1&apos;, os.name: &apos;Windows 10&apos;, os.arch: &apos;amd64&apos;, os.version: &apos;10.0&apos;, java.version: &apos;1.8.0_131&apos;&#10;Driver info: org.openqa.selenium.chrome.ChromeDriver&#10;Capabilities [{applicationCacheEnabled=false, rotatable=false, mobileEmulationEnabled=false, networkConnectionEnabled=false, chrome={chromedriverVersion=2.30.477700 (0057494ad8732195794a7b32078424f92a5fce41), userDataDir=C:\Users\User\AppData\Local\Temp\scoped_dir9472_21479}, takesHeapSnapshot=true, pageLoadStrategy=normal, databaseEnabled=false, handlesAlerts=true, hasTouchScreen=false, version=59.0.3071.115, platform=XP, browserConnectionEnabled=false, nativeEvents=true, acceptSslCerts=true, locationContextEnabled=true, webStorageEnabled=true, browserName=chrome, takesScreenshot=true, javascriptEnabled=true, cssSelectorsEnabled=true, unexpectedAlertBehaviour=}]&#10;Session ID: f791f4afc8c014809ab6d4d1d1deba3a" type="org.openqa.selenium.WebDriverException"><![CDATA[org.openqa.selenium.WebDriverException: 
unknown error: Element <span onclick="changeColor(this)" class="color-btn" color_id="224" title="Sand" id="224" style="background-color: #e0b86e; background-image: url(https://www.shirtee.de/media/option_image/); background-position: 50% 50%; background-repeat: no-repeat no-repeat">...</span> is not clickable at point (1217, 391). Other element would receive the click: <div class="event-popup-placeholder" style="opacity: 0.6;"></div>
  (Session info: chrome=59.0.3071.115)
  (Driver info: chromedriver=2.30.477700 (0057494ad8732195794a7b32078424f92a5fce41),platform=Windows NT 10.0.14393 x86_64) (WARNING: The server did not provide any stacktrace information)
Command duration or timeout: 52 milliseconds
Build info: version: '2.53.1', revision: 'a36b8b1cd5757287168e54b817830adce9b0158d', time: '2016-06-30 19:26:09'
System info: host: 'WIN-UJSDDQRV49J', ip: '192.168.10.1', os.name: 'Windows 10', os.arch: 'amd64', os.version: '10.0', java.version: '1.8.0_131'
Driver info: org.openqa.selenium.chrome.ChromeDriver
Capabilities [{applicationCacheEnabled=false, rotatable=false, mobileEmulationEnabled=false, networkConnectionEnabled=false, chrome={chromedriverVersion=2.30.477700 (0057494ad8732195794a7b32078424f92a5fce41), userDataDir=C:\Users\User\AppData\Local\Temp\scoped_dir9472_21479}, takesHeapSnapshot=true, pageLoadStrategy=normal, databaseEnabled=false, handlesAlerts=true, hasTouchScreen=false, version=59.0.3071.115, platform=XP, browserConnectionEnabled=false, nativeEvents=true, acceptSslCerts=true, locationContextEnabled=true, webStorageEnabled=true, browserName=chrome, takesScreenshot=true, javascriptEnabled=true, cssSelectorsEnabled=true, unexpectedAlertBehaviour=}]
Session ID: f791f4afc8c014809ab6d4d1d1deba3a
	at checkout.PromoCodesTests.addToCartProductWithPercentDiscount(PromoCodesTests.java:25)
]]></failure>
    <system-out><![CDATA[AFTER
]]></system-out>
  </testcase>
  <testcase name="increaseProductsWithAmountDiscountQty" classname="checkout.PromoCodesTests" time="5.811">
    <failure message="unknown error: Element &lt;span onclick=&quot;changeColor(this)&quot; class=&quot;color-btn&quot; color_id=&quot;3&quot; title=&quot;White&quot; id=&quot;3&quot; style=&quot;background-color: #ffffff; background-image: url(https://www.shirtee.com/media/option_image/white.jpg); background-position: 50% 50%; background-repeat: no-repeat no-repeat&quot;&gt;...&lt;/span&gt; is not clickable at point (1120, 815). Other element would receive the click: &lt;div class=&quot;event-popup-placeholder&quot; style=&quot;opacity: 0.6;&quot;&gt;&lt;/div&gt;&#10;  (Session info: chrome=59.0.3071.115)&#10;  (Driver info: chromedriver=2.30.477700 (0057494ad8732195794a7b32078424f92a5fce41),platform=Windows NT 10.0.14393 x86_64) (WARNING: The server did not provide any stacktrace information)&#10;Command duration or timeout: 57 milliseconds&#10;Build info: version: &apos;2.53.1&apos;, revision: &apos;a36b8b1cd5757287168e54b817830adce9b0158d&apos;, time: &apos;2016-06-30 19:26:09&apos;&#10;System info: host: &apos;WIN-UJSDDQRV49J&apos;, ip: &apos;192.168.10.1&apos;, os.name: &apos;Windows 10&apos;, os.arch: &apos;amd64&apos;, os.version: &apos;10.0&apos;, java.version: &apos;1.8.0_131&apos;&#10;Driver info: org.openqa.selenium.chrome.ChromeDriver&#10;Capabilities [{applicationCacheEnabled=false, rotatable=false, mobileEmulationEnabled=false, networkConnectionEnabled=false, chrome={chromedriverVersion=2.30.477700 (0057494ad8732195794a7b32078424f92a5fce41), userDataDir=C:\Users\User\AppData\Local\Temp\scoped_dir9472_21479}, takesHeapSnapshot=true, pageLoadStrategy=normal, databaseEnabled=false, handlesAlerts=true, hasTouchScreen=false, version=59.0.3071.115, platform=XP, browserConnectionEnabled=false, nativeEvents=true, acceptSslCerts=true, locationContextEnabled=true, webStorageEnabled=true, browserName=chrome, takesScreenshot=true, javascriptEnabled=true, cssSelectorsEnabled=true, unexpectedAlertBehaviour=}]&#10;Session ID: f791f4afc8c014809ab6d4d1d1deba3a" type="org.openqa.selenium.WebDriverException"><![CDATA[org.openqa.selenium.WebDriverException: 
unknown error: Element <span onclick="changeColor(this)" class="color-btn" color_id="3" title="White" id="3" style="background-color: #ffffff; background-image: url(https://www.shirtee.com/media/option_image/white.jpg); background-position: 50% 50%; background-repeat: no-repeat no-repeat">...</span> is not clickable at point (1120, 815). Other element would receive the click: <div class="event-popup-placeholder" style="opacity: 0.6;"></div>
  (Session info: chrome=59.0.3071.115)
  (Driver info: chromedriver=2.30.477700 (0057494ad8732195794a7b32078424f92a5fce41),platform=Windows NT 10.0.14393 x86_64) (WARNING: The server did not provide any stacktrace information)
Command duration or timeout: 57 milliseconds
Build info: version: '2.53.1', revision: 'a36b8b1cd5757287168e54b817830adce9b0158d', time: '2016-06-30 19:26:09'
System info: host: 'WIN-UJSDDQRV49J', ip: '192.168.10.1', os.name: 'Windows 10', os.arch: 'amd64', os.version: '10.0', java.version: '1.8.0_131'
Driver info: org.openqa.selenium.chrome.ChromeDriver
Capabilities [{applicationCacheEnabled=false, rotatable=false, mobileEmulationEnabled=false, networkConnectionEnabled=false, chrome={chromedriverVersion=2.30.477700 (0057494ad8732195794a7b32078424f92a5fce41), userDataDir=C:\Users\User\AppData\Local\Temp\scoped_dir9472_21479}, takesHeapSnapshot=true, pageLoadStrategy=normal, databaseEnabled=false, handlesAlerts=true, hasTouchScreen=false, version=59.0.3071.115, platform=XP, browserConnectionEnabled=false, nativeEvents=true, acceptSslCerts=true, locationContextEnabled=true, webStorageEnabled=true, browserName=chrome, takesScreenshot=true, javascriptEnabled=true, cssSelectorsEnabled=true, unexpectedAlertBehaviour=}]
Session ID: f791f4afc8c014809ab6d4d1d1deba3a
	at checkout.PromoCodesTests.increaseProductsWithAmountDiscountQty(PromoCodesTests.java:75)
]]></failure>
    <system-out><![CDATA[AFTER
]]></system-out>
  </testcase>
  <testcase name="increaseProductsWithPercentDiscountQty" classname="checkout.PromoCodesTests" time="8.823">
    <failure message="The following asserts failed:&#10;	Wrong discount value expected [20.66] but found [20.65],&#10;	expected [52.7] but found [48.2]" type="java.lang.AssertionError">java.lang.AssertionError: 
The following asserts failed:
	Wrong discount value expected [20.66] but found [20.65],
	expected [52.7] but found [48.2]
	at checkout.PromoCodesTests.increaseProductsWithPercentDiscountQty(PromoCodesTests.java:133)
</failure>
    <system-out><![CDATA[AFTER
POPUP HIDES
POPUP HIDES
]]></system-out>
  </testcase>
  <testcase name="addTwoProductsAndDeleteOne" classname="checkout.OrderedItemsTests" time="17.644"/>
  <testcase name="decreaseItemQty" classname="checkout.OrderedItemsTests" time="12.163"/>
  <testcase name="increaseItemQty" classname="checkout.OrderedItemsTests" time="23.209">
    <failure message="no such element: Unable to locate element: {&quot;method&quot;:&quot;id&quot;,&quot;selector&quot;:&quot;go_to_checkout&quot;}&#10;  (Session info: chrome=59.0.3071.115)&#10;  (Driver info: chromedriver=2.30.477700 (0057494ad8732195794a7b32078424f92a5fce41),platform=Windows NT 10.0.14393 x86_64) (WARNING: The server did not provide any stacktrace information)&#10;Command duration or timeout: 5.05 seconds&#10;For documentation on this error, please visit: http://seleniumhq.org/exceptions/no_such_element.html&#10;Build info: version: &apos;2.53.1&apos;, revision: &apos;a36b8b1cd5757287168e54b817830adce9b0158d&apos;, time: &apos;2016-06-30 19:26:09&apos;&#10;System info: host: &apos;WIN-UJSDDQRV49J&apos;, ip: &apos;192.168.10.1&apos;, os.name: &apos;Windows 10&apos;, os.arch: &apos;amd64&apos;, os.version: &apos;10.0&apos;, java.version: &apos;1.8.0_131&apos;&#10;Driver info: org.openqa.selenium.chrome.ChromeDriver&#10;Capabilities [{applicationCacheEnabled=false, rotatable=false, mobileEmulationEnabled=false, networkConnectionEnabled=false, chrome={chromedriverVersion=2.30.477700 (0057494ad8732195794a7b32078424f92a5fce41), userDataDir=C:\Users\User\AppData\Local\Temp\scoped_dir9472_21479}, takesHeapSnapshot=true, pageLoadStrategy=normal, databaseEnabled=false, handlesAlerts=true, hasTouchScreen=false, version=59.0.3071.115, platform=XP, browserConnectionEnabled=false, nativeEvents=true, acceptSslCerts=true, locationContextEnabled=true, webStorageEnabled=true, browserName=chrome, takesScreenshot=true, javascriptEnabled=true, cssSelectorsEnabled=true, unexpectedAlertBehaviour=}]&#10;Session ID: f791f4afc8c014809ab6d4d1d1deba3a&#10;*** Element info: {Using=id, value=go_to_checkout}" type="org.openqa.selenium.NoSuchElementException">org.openqa.selenium.NoSuchElementException: 
no such element: Unable to locate element: {"method":"id","selector":"go_to_checkout"}
  (Session info: chrome=59.0.3071.115)
  (Driver info: chromedriver=2.30.477700 (0057494ad8732195794a7b32078424f92a5fce41),platform=Windows NT 10.0.14393 x86_64) (WARNING: The server did not provide any stacktrace information)
Command duration or timeout: 5.05 seconds
For documentation on this error, please visit: http://seleniumhq.org/exceptions/no_such_element.html
Build info: version: '2.53.1', revision: 'a36b8b1cd5757287168e54b817830adce9b0158d', time: '2016-06-30 19:26:09'
System info: host: 'WIN-UJSDDQRV49J', ip: '192.168.10.1', os.name: 'Windows 10', os.arch: 'amd64', os.version: '10.0', java.version: '1.8.0_131'
Driver info: org.openqa.selenium.chrome.ChromeDriver
Capabilities [{applicationCacheEnabled=false, rotatable=false, mobileEmulationEnabled=false, networkConnectionEnabled=false, chrome={chromedriverVersion=2.30.477700 (0057494ad8732195794a7b32078424f92a5fce41), userDataDir=C:\Users\User\AppData\Local\Temp\scoped_dir9472_21479}, takesHeapSnapshot=true, pageLoadStrategy=normal, databaseEnabled=false, handlesAlerts=true, hasTouchScreen=false, version=59.0.3071.115, platform=XP, browserConnectionEnabled=false, nativeEvents=true, acceptSslCerts=true, locationContextEnabled=true, webStorageEnabled=true, browserName=chrome, takesScreenshot=true, javascriptEnabled=true, cssSelectorsEnabled=true, unexpectedAlertBehaviour=}]
Session ID: f791f4afc8c014809ab6d4d1d1deba3a
*** Element info: {Using=id, value=go_to_checkout}
	at checkout.OrderedItemsTests.increaseItemQty(OrderedItemsTests.java:44)
</failure>
    <system-out><![CDATA[AFTER
]]></system-out>
  </testcase>
  <testcase name="emptyEmailField" classname="checkout.ValidationTests" time="5.6"/>
</testsuite>