<?xml version="1.0" encoding="UTF-8"?>
<testsuite xmlns:xsi="http://www.w3.org/2001/XMLSchema-instance" xsi:noNamespaceSchemaLocation="https://maven.apache.org/surefire/maven-surefire-plugin/xsd/surefire-test-report.xsd" name="TestSuite" time="89.833" tests="52" errors="0" skipped="45" failures="3">
  <properties>
[...]
</properties>
  <testcase name="addToCart" classname="AddToCartTests" time="11.52"/>
  <testcase name="checkPriceSizeAndColor" classname="AddToCartTests" time="7.278">
    <failure message="The following asserts failed:&#10;	expected [XL] but found [Kelly Green],&#10;	expected [Kelly Green] but found [XL]" type="java.lang.AssertionError">java.lang.AssertionError: 
The following asserts failed:
	expected [XL] but found [Kelly Green],
	expected [Kelly Green] but found [XL]
	at AddToCartTests.checkPriceSizeAndColor(AddToCartTests.java:57)
</failure>
  </testcase>
  <testcase name="missingProductSizeValidation" classname="ValidationProductPageTests" time="2.37"/>
  <testcase name="emptyEmailField" classname="CheckoutValidationTests" time="7.043"/>
  <testcase name="step1" classname="DesignerTest" time="57.734"/>
  <testcase name="loginAndRedirectToDashboardPage" classname="IndexPageTests" time="0.033">
    <failure message="unexpected alert open: {Alert text : The current design will be lost. Are you sure that you want to leave this page?}&#10;  (Session info: chrome=59.0.3071.115)&#10;  (Driver info: chromedriver=2.30.477700 (0057494ad8732195794a7b32078424f92a5fce41),platform=Windows NT 10.0.14393 x86_64) (WARNING: The server did not provide any stacktrace information)&#10;Command duration or timeout: 2 milliseconds: null&#10;Build info: version: &apos;2.53.1&apos;, revision: &apos;a36b8b1cd5757287168e54b817830adce9b0158d&apos;, time: &apos;2016-06-30 19:26:09&apos;&#10;System info: host: &apos;WIN-UJSDDQRV49J&apos;, ip: &apos;192.168.10.1&apos;, os.name: &apos;Windows 10&apos;, os.arch: &apos;amd64&apos;, os.version: &apos;10.0&apos;, java.version: &apos;1.8.0_131&apos;&#10;Driver info: org.openqa.selenium.chrome.ChromeDriver&#10;Capabilities [{applicationCacheEnabled=false, rotatable=false, mobileEmulationEnabled=false, networkConnectionEnabled=false, chrome={chromedriverVersion=2.30.477700 (0057494ad8732195794a7b32078424f92a5fce41), userDataDir=C:\Users\User\AppData\Local\Temp\scoped_dir6896_17271}, takesHeapSnapshot=true, pageLoadStrategy=normal, databaseEnabled=false, handlesAlerts=true, hasTouchScreen=false, version=59.0.3071.115, platform=XP, browserConnectionEnabled=false, nativeEvents=true, acceptSslCerts=true, locationContextEnabled=true, webStorageEnabled=true, browserName=chrome, takesScreenshot=true, javascriptEnabled=true, cssSelectorsEnabled=true, unexpectedAlertBehaviour=}]&#10;Session ID: d57e37769edc0ec3f0ac25465c0a1d33" type="org.openqa.selenium.UnhandledAlertException">org.openqa.selenium.UnhandledAlertException: 
unexpected alert open: {Alert text : The current design will be lost. Are you sure that you want to leave this page?}
  (Session info: chrome=59.0.3071.115)
  (Driver info: chromedriver=2.30.477700 (0057494ad8732195794a7b32078424f92a5fce41),platform=Windows NT 10.0.14393 x86_64) (WARNING: The server did not provide any stacktrace information)
Command duration or timeout: 2 milliseconds: null
Build info: version: '2.53.1', revision: 'a36b8b1cd5757287168e54b817830adce9b0158d', time: '2016-06-30 19:26:09'
System info: host: 'WIN-UJSDDQRV49J', ip: '192.168.10.1', os.name: 'Windows 10', os.arch: 'amd64', os.version: '10.0', java.version: '1.8.0_131'
Driver info: org.openqa.selenium.chrome.ChromeDriver
Capabilities [{applicationCacheEnabled=false, rotatable=false, mobileEmulationEnabled=false, networkConnectionEnabled=false, chrome={chromedriverVersion=2.30.477700 (0057494ad8732195794a7b32078424f92a5fce41), userDataDir=C:\Users\User\AppData\Local\Temp\scoped_dir6896_17271}, takesHeapSnapshot=true, pageLoadStrategy=normal, databaseEnabled=false, handlesAlerts=true, hasTouchScreen=false, version=59.0.3071.115, platform=XP, browserConnectionEnabled=false, nativeEvents=true, acceptSslCerts=true, locationContextEnabled=true, webStorageEnabled=true, browserName=chrome, takesScreenshot=true, javascriptEnabled=true, cssSelectorsEnabled=true, unexpectedAlertBehaviour=}]
Session ID: d57e37769edc0ec3f0ac25465c0a1d33
	at IndexPageTests.loginAndRedirectToDashboardPage(IndexPageTests.java:32)
</failure>
  </testcase>
  <testcase name="setEnv" classname="IndexPageTests" time="0.038">
    <failure message="unexpected alert open: {Alert text : The current design will be lost. Are you sure that you want to leave this page?}&#10;  (Session info: chrome=59.0.3071.115)&#10;  (Driver info: chromedriver=2.30.477700 (0057494ad8732195794a7b32078424f92a5fce41),platform=Windows NT 10.0.14393 x86_64) (WARNING: The server did not provide any stacktrace information)&#10;Command duration or timeout: 3 milliseconds: null&#10;Build info: version: &apos;2.53.1&apos;, revision: &apos;a36b8b1cd5757287168e54b817830adce9b0158d&apos;, time: &apos;2016-06-30 19:26:09&apos;&#10;System info: host: &apos;WIN-UJSDDQRV49J&apos;, ip: &apos;192.168.10.1&apos;, os.name: &apos;Windows 10&apos;, os.arch: &apos;amd64&apos;, os.version: &apos;10.0&apos;, java.version: &apos;1.8.0_131&apos;&#10;Driver info: org.openqa.selenium.chrome.ChromeDriver&#10;Capabilities [{applicationCacheEnabled=false, rotatable=false, mobileEmulationEnabled=false, networkConnectionEnabled=false, chrome={chromedriverVersion=2.30.477700 (0057494ad8732195794a7b32078424f92a5fce41), userDataDir=C:\Users\User\AppData\Local\Temp\scoped_dir6896_17271}, takesHeapSnapshot=true, pageLoadStrategy=normal, databaseEnabled=false, handlesAlerts=true, hasTouchScreen=false, version=59.0.3071.115, platform=XP, browserConnectionEnabled=false, nativeEvents=true, acceptSslCerts=true, locationContextEnabled=true, webStorageEnabled=true, browserName=chrome, takesScreenshot=true, javascriptEnabled=true, cssSelectorsEnabled=true, unexpectedAlertBehaviour=}]&#10;Session ID: d57e37769edc0ec3f0ac25465c0a1d33" type="org.openqa.selenium.UnhandledAlertException">org.openqa.selenium.UnhandledAlertException: 
unexpected alert open: {Alert text : The current design will be lost. Are you sure that you want to leave this page?}
  (Session info: chrome=59.0.3071.115)
  (Driver info: chromedriver=2.30.477700 (0057494ad8732195794a7b32078424f92a5fce41),platform=Windows NT 10.0.14393 x86_64) (WARNING: The server did not provide any stacktrace information)
Command duration or timeout: 3 milliseconds: null
Build info: version: '2.53.1', revision: 'a36b8b1cd5757287168e54b817830adce9b0158d', time: '2016-06-30 19:26:09'
System info: host: 'WIN-UJSDDQRV49J', ip: '192.168.10.1', os.name: 'Windows 10', os.arch: 'amd64', os.version: '10.0', java.version: '1.8.0_131'
Driver info: org.openqa.selenium.chrome.ChromeDriver
Capabilities [{applicationCacheEnabled=false, rotatable=false, mobileEmulationEnabled=false, networkConnectionEnabled=false, chrome={chromedriverVersion=2.30.477700 (0057494ad8732195794a7b32078424f92a5fce41), userDataDir=C:\Users\User\AppData\Local\Temp\scoped_dir6896_17271}, takesHeapSnapshot=true, pageLoadStrategy=normal, databaseEnabled=false, handlesAlerts=true, hasTouchScreen=false, version=59.0.3071.115, platform=XP, browserConnectionEnabled=false, nativeEvents=true, acceptSslCerts=true, locationContextEnabled=true, webStorageEnabled=true, browserName=chrome, takesScreenshot=true, javascriptEnabled=true, cssSelectorsEnabled=true, unexpectedAlertBehaviour=}]
Session ID: d57e37769edc0ec3f0ac25465c0a1d33
</failure>
  </testcase>
  <testcase name="setEnv" classname="IndexPageTests" time="0">
    <skipped/>
  </testcase>
  <testcase name="setEnv" classname="IndexPageTests" time="0">
    <skipped/>
  </testcase>
  <testcase name="loginAndReturnToLoginPage" classname="IndexPageTests" time="0">
    <skipped message="unexpected alert open: {Alert text : The current design will be lost. Are you sure that you want to leave this page?}&#10;  (Session info: chrome=59.0.3071.115)&#10;  (Driver info: chromedriver=2.30.477700 (0057494ad8732195794a7b32078424f92a5fce41),platform=Windows NT 10.0.14393 x86_64) (WARNING: The server did not provide any stacktrace information)&#10;Command duration or timeout: 3 milliseconds: null&#10;Build info: version: &apos;2.53.1&apos;, revision: &apos;a36b8b1cd5757287168e54b817830adce9b0158d&apos;, time: &apos;2016-06-30 19:26:09&apos;&#10;System info: host: &apos;WIN-UJSDDQRV49J&apos;, ip: &apos;192.168.10.1&apos;, os.name: &apos;Windows 10&apos;, os.arch: &apos;amd64&apos;, os.version: &apos;10.0&apos;, java.version: &apos;1.8.0_131&apos;&#10;Driver info: org.openqa.selenium.chrome.ChromeDriver&#10;Capabilities [{applicationCacheEnabled=false, rotatable=false, mobileEmulationEnabled=false, networkConnectionEnabled=false, chrome={chromedriverVersion=2.30.477700 (0057494ad8732195794a7b32078424f92a5fce41), userDataDir=C:\Users\User\AppData\Local\Temp\scoped_dir6896_17271}, takesHeapSnapshot=true, pageLoadStrategy=normal, databaseEnabled=false, handlesAlerts=true, hasTouchScreen=false, version=59.0.3071.115, platform=XP, browserConnectionEnabled=false, nativeEvents=true, acceptSslCerts=true, locationContextEnabled=true, webStorageEnabled=true, browserName=chrome, takesScreenshot=true, javascriptEnabled=true, cssSelectorsEnabled=true, unexpectedAlertBehaviour=}]&#10;Session ID: d57e37769edc0ec3f0ac25465c0a1d33"/>
  </testcase>
  <testcase name="logout" classname="IndexPageTests" time="0">
    <skipped message="unexpected alert open: {Alert text : The current design will be lost. Are you sure that you want to leave this page?}&#10;  (Session info: chrome=59.0.3071.115)&#10;  (Driver info: chromedriver=2.30.477700 (0057494ad8732195794a7b32078424f92a5fce41),platform=Windows NT 10.0.14393 x86_64) (WARNING: The server did not provide any stacktrace information)&#10;Command duration or timeout: 3 milliseconds: null&#10;Build info: version: &apos;2.53.1&apos;, revision: &apos;a36b8b1cd5757287168e54b817830adce9b0158d&apos;, time: &apos;2016-06-30 19:26:09&apos;&#10;System info: host: &apos;WIN-UJSDDQRV49J&apos;, ip: &apos;192.168.10.1&apos;, os.name: &apos;Windows 10&apos;, os.arch: &apos;amd64&apos;, os.version: &apos;10.0&apos;, java.version: &apos;1.8.0_131&apos;&#10;Driver info: org.openqa.selenium.chrome.ChromeDriver&#10;Capabilities [{applicationCacheEnabled=false, rotatable=false, mobileEmulationEnabled=false, networkConnectionEnabled=false, chrome={chromedriverVersion=2.30.477700 (0057494ad8732195794a7b32078424f92a5fce41), userDataDir=C:\Users\User\AppData\Local\Temp\scoped_dir6896_17271}, takesHeapSnapshot=true, pageLoadStrategy=normal, databaseEnabled=false, handlesAlerts=true, hasTouchScreen=false, version=59.0.3071.115, platform=XP, browserConnectionEnabled=false, nativeEvents=true, acceptSslCerts=true, locationContextEnabled=true, webStorageEnabled=true, browserName=chrome, takesScreenshot=true, javascriptEnabled=true, cssSelectorsEnabled=true, unexpectedAlertBehaviour=}]&#10;Session ID: d57e37769edc0ec3f0ac25465c0a1d33"/>
  </testcase>
  <testcase name="searchFromIndexPage" classname="IndexPageTests" time="0">
    <skipped message="unexpected alert open: {Alert text : The current design will be lost. Are you sure that you want to leave this page?}&#10;  (Session info: chrome=59.0.3071.115)&#10;  (Driver info: chromedriver=2.30.477700 (0057494ad8732195794a7b32078424f92a5fce41),platform=Windows NT 10.0.14393 x86_64) (WARNING: The server did not provide any stacktrace information)&#10;Command duration or timeout: 3 milliseconds: null&#10;Build info: version: &apos;2.53.1&apos;, revision: &apos;a36b8b1cd5757287168e54b817830adce9b0158d&apos;, time: &apos;2016-06-30 19:26:09&apos;&#10;System info: host: &apos;WIN-UJSDDQRV49J&apos;, ip: &apos;192.168.10.1&apos;, os.name: &apos;Windows 10&apos;, os.arch: &apos;amd64&apos;, os.version: &apos;10.0&apos;, java.version: &apos;1.8.0_131&apos;&#10;Driver info: org.openqa.selenium.chrome.ChromeDriver&#10;Capabilities [{applicationCacheEnabled=false, rotatable=false, mobileEmulationEnabled=false, networkConnectionEnabled=false, chrome={chromedriverVersion=2.30.477700 (0057494ad8732195794a7b32078424f92a5fce41), userDataDir=C:\Users\User\AppData\Local\Temp\scoped_dir6896_17271}, takesHeapSnapshot=true, pageLoadStrategy=normal, databaseEnabled=false, handlesAlerts=true, hasTouchScreen=false, version=59.0.3071.115, platform=XP, browserConnectionEnabled=false, nativeEvents=true, acceptSslCerts=true, locationContextEnabled=true, webStorageEnabled=true, browserName=chrome, takesScreenshot=true, javascriptEnabled=true, cssSelectorsEnabled=true, unexpectedAlertBehaviour=}]&#10;Session ID: d57e37769edc0ec3f0ac25465c0a1d33"/>
  </testcase>
  <testcase name="tearDown" classname="IndexPageTests" time="0">
    <skipped/>
  </testcase>
  <testcase name="setUp" classname="OrderTests" time="0">
    <skipped/>
  </testcase>
  <testcase name="setEnv" classname="OrderTests" time="0">
    <skipped/>
  </testcase>
  <testcase name="setEnv" classname="OrderTests" time="0">
    <skipped/>
  </testcase>
  <testcase name="authorizedUserOrder" classname="OrderTests" time="0">
    <skipped message="unexpected alert open: {Alert text : The current design will be lost. Are you sure that you want to leave this page?}&#10;  (Session info: chrome=59.0.3071.115)&#10;  (Driver info: chromedriver=2.30.477700 (0057494ad8732195794a7b32078424f92a5fce41),platform=Windows NT 10.0.14393 x86_64) (WARNING: The server did not provide any stacktrace information)&#10;Command duration or timeout: 3 milliseconds: null&#10;Build info: version: &apos;2.53.1&apos;, revision: &apos;a36b8b1cd5757287168e54b817830adce9b0158d&apos;, time: &apos;2016-06-30 19:26:09&apos;&#10;System info: host: &apos;WIN-UJSDDQRV49J&apos;, ip: &apos;192.168.10.1&apos;, os.name: &apos;Windows 10&apos;, os.arch: &apos;amd64&apos;, os.version: &apos;10.0&apos;, java.version: &apos;1.8.0_131&apos;&#10;Driver info: org.openqa.selenium.chrome.ChromeDriver&#10;Capabilities [{applicationCacheEnabled=false, rotatable=false, mobileEmulationEnabled=false, networkConnectionEnabled=false, chrome={chromedriverVersion=2.30.477700 (0057494ad8732195794a7b32078424f92a5fce41), userDataDir=C:\Users\User\AppData\Local\Temp\scoped_dir6896_17271}, takesHeapSnapshot=true, pageLoadStrategy=normal, databaseEnabled=false, handlesAlerts=true, hasTouchScreen=false, version=59.0.3071.115, platform=XP, browserConnectionEnabled=false, nativeEvents=true, acceptSslCerts=true, locationContextEnabled=true, webStorageEnabled=true, browserName=chrome, takesScreenshot=true, javascriptEnabled=true, cssSelectorsEnabled=true, unexpectedAlertBehaviour=}]&#10;Session ID: d57e37769edc0ec3f0ac25465c0a1d33"/>
  </testcase>
  <testcase name="guestOrder" classname="OrderTests" time="0">
    <skipped message="unexpected alert open: {Alert text : The current design will be lost. Are you sure that you want to leave this page?}&#10;  (Session info: chrome=59.0.3071.115)&#10;  (Driver info: chromedriver=2.30.477700 (0057494ad8732195794a7b32078424f92a5fce41),platform=Windows NT 10.0.14393 x86_64) (WARNING: The server did not provide any stacktrace information)&#10;Command duration or timeout: 3 milliseconds: null&#10;Build info: version: &apos;2.53.1&apos;, revision: &apos;a36b8b1cd5757287168e54b817830adce9b0158d&apos;, time: &apos;2016-06-30 19:26:09&apos;&#10;System info: host: &apos;WIN-UJSDDQRV49J&apos;, ip: &apos;192.168.10.1&apos;, os.name: &apos;Windows 10&apos;, os.arch: &apos;amd64&apos;, os.version: &apos;10.0&apos;, java.version: &apos;1.8.0_131&apos;&#10;Driver info: org.openqa.selenium.chrome.ChromeDriver&#10;Capabilities [{applicationCacheEnabled=false, rotatable=false, mobileEmulationEnabled=false, networkConnectionEnabled=false, chrome={chromedriverVersion=2.30.477700 (0057494ad8732195794a7b32078424f92a5fce41), userDataDir=C:\Users\User\AppData\Local\Temp\scoped_dir6896_17271}, takesHeapSnapshot=true, pageLoadStrategy=normal, databaseEnabled=false, handlesAlerts=true, hasTouchScreen=false, version=59.0.3071.115, platform=XP, browserConnectionEnabled=false, nativeEvents=true, acceptSslCerts=true, locationContextEnabled=true, webStorageEnabled=true, browserName=chrome, takesScreenshot=true, javascriptEnabled=true, cssSelectorsEnabled=true, unexpectedAlertBehaviour=}]&#10;Session ID: d57e37769edc0ec3f0ac25465c0a1d33"/>
  </testcase>
  <testcase name="tearDown" classname="OrderTests" time="0">
    <skipped/>
  </testcase>
  <testcase name="setUp" classname="ProductsPriceTests" time="0">
    <skipped/>
  </testcase>
  <testcase name="setEnv" classname="ProductsPriceTests" time="0">
    <skipped/>
  </testcase>
  <testcase name="realPrice" classname="ProductsPriceTests" time="0">
    <skipped message="unexpected alert open: {Alert text : The current design will be lost. Are you sure that you want to leave this page?}&#10;  (Session info: chrome=59.0.3071.115)&#10;  (Driver info: chromedriver=2.30.477700 (0057494ad8732195794a7b32078424f92a5fce41),platform=Windows NT 10.0.14393 x86_64) (WARNING: The server did not provide any stacktrace information)&#10;Command duration or timeout: 3 milliseconds: null&#10;Build info: version: &apos;2.53.1&apos;, revision: &apos;a36b8b1cd5757287168e54b817830adce9b0158d&apos;, time: &apos;2016-06-30 19:26:09&apos;&#10;System info: host: &apos;WIN-UJSDDQRV49J&apos;, ip: &apos;192.168.10.1&apos;, os.name: &apos;Windows 10&apos;, os.arch: &apos;amd64&apos;, os.version: &apos;10.0&apos;, java.version: &apos;1.8.0_131&apos;&#10;Driver info: org.openqa.selenium.chrome.ChromeDriver&#10;Capabilities [{applicationCacheEnabled=false, rotatable=false, mobileEmulationEnabled=false, networkConnectionEnabled=false, chrome={chromedriverVersion=2.30.477700 (0057494ad8732195794a7b32078424f92a5fce41), userDataDir=C:\Users\User\AppData\Local\Temp\scoped_dir6896_17271}, takesHeapSnapshot=true, pageLoadStrategy=normal, databaseEnabled=false, handlesAlerts=true, hasTouchScreen=false, version=59.0.3071.115, platform=XP, browserConnectionEnabled=false, nativeEvents=true, acceptSslCerts=true, locationContextEnabled=true, webStorageEnabled=true, browserName=chrome, takesScreenshot=true, javascriptEnabled=true, cssSelectorsEnabled=true, unexpectedAlertBehaviour=}]&#10;Session ID: d57e37769edc0ec3f0ac25465c0a1d33"/>
  </testcase>
  <testcase name="tearDown" classname="ProductsPriceTests" time="0">
    <skipped/>
  </testcase>
  <testcase name="setUp" classname="ShopPageTests" time="0">
    <skipped/>
  </testcase>
  <testcase name="setEnv" classname="ShopPageTests" time="0">
    <skipped/>
  </testcase>
  <testcase name="setEnv" classname="ShopPageTests" time="0">
    <skipped/>
  </testcase>
  <testcase name="setEnv" classname="ShopPageTests" time="0">
    <skipped/>
  </testcase>
  <testcase name="setEnv" classname="ShopPageTests" time="0">
    <skipped/>
  </testcase>
  <testcase name="setEnv" classname="ShopPageTests" time="0">
    <skipped/>
  </testcase>
  <testcase name="setEnv" classname="ShopPageTests" time="0">
    <skipped/>
  </testcase>
  <testcase name="setEnv" classname="ShopPageTests" time="0">
    <skipped/>
  </testcase>
  <testcase name="checkFirstQtyOnPageSetting" classname="ShopPageTests" time="0">
    <skipped message="unexpected alert open: {Alert text : The current design will be lost. Are you sure that you want to leave this page?}&#10;  (Session info: chrome=59.0.3071.115)&#10;  (Driver info: chromedriver=2.30.477700 (0057494ad8732195794a7b32078424f92a5fce41),platform=Windows NT 10.0.14393 x86_64) (WARNING: The server did not provide any stacktrace information)&#10;Command duration or timeout: 3 milliseconds: null&#10;Build info: version: &apos;2.53.1&apos;, revision: &apos;a36b8b1cd5757287168e54b817830adce9b0158d&apos;, time: &apos;2016-06-30 19:26:09&apos;&#10;System info: host: &apos;WIN-UJSDDQRV49J&apos;, ip: &apos;192.168.10.1&apos;, os.name: &apos;Windows 10&apos;, os.arch: &apos;amd64&apos;, os.version: &apos;10.0&apos;, java.version: &apos;1.8.0_131&apos;&#10;Driver info: org.openqa.selenium.chrome.ChromeDriver&#10;Capabilities [{applicationCacheEnabled=false, rotatable=false, mobileEmulationEnabled=false, networkConnectionEnabled=false, chrome={chromedriverVersion=2.30.477700 (0057494ad8732195794a7b32078424f92a5fce41), userDataDir=C:\Users\User\AppData\Local\Temp\scoped_dir6896_17271}, takesHeapSnapshot=true, pageLoadStrategy=normal, databaseEnabled=false, handlesAlerts=true, hasTouchScreen=false, version=59.0.3071.115, platform=XP, browserConnectionEnabled=false, nativeEvents=true, acceptSslCerts=true, locationContextEnabled=true, webStorageEnabled=true, browserName=chrome, takesScreenshot=true, javascriptEnabled=true, cssSelectorsEnabled=true, unexpectedAlertBehaviour=}]&#10;Session ID: d57e37769edc0ec3f0ac25465c0a1d33"/>
  </testcase>
  <testcase name="checkPagination" classname="ShopPageTests" time="0">
    <skipped message="unexpected alert open: {Alert text : The current design will be lost. Are you sure that you want to leave this page?}&#10;  (Session info: chrome=59.0.3071.115)&#10;  (Driver info: chromedriver=2.30.477700 (0057494ad8732195794a7b32078424f92a5fce41),platform=Windows NT 10.0.14393 x86_64) (WARNING: The server did not provide any stacktrace information)&#10;Command duration or timeout: 3 milliseconds: null&#10;Build info: version: &apos;2.53.1&apos;, revision: &apos;a36b8b1cd5757287168e54b817830adce9b0158d&apos;, time: &apos;2016-06-30 19:26:09&apos;&#10;System info: host: &apos;WIN-UJSDDQRV49J&apos;, ip: &apos;192.168.10.1&apos;, os.name: &apos;Windows 10&apos;, os.arch: &apos;amd64&apos;, os.version: &apos;10.0&apos;, java.version: &apos;1.8.0_131&apos;&#10;Driver info: org.openqa.selenium.chrome.ChromeDriver&#10;Capabilities [{applicationCacheEnabled=false, rotatable=false, mobileEmulationEnabled=false, networkConnectionEnabled=false, chrome={chromedriverVersion=2.30.477700 (0057494ad8732195794a7b32078424f92a5fce41), userDataDir=C:\Users\User\AppData\Local\Temp\scoped_dir6896_17271}, takesHeapSnapshot=true, pageLoadStrategy=normal, databaseEnabled=false, handlesAlerts=true, hasTouchScreen=false, version=59.0.3071.115, platform=XP, browserConnectionEnabled=false, nativeEvents=true, acceptSslCerts=true, locationContextEnabled=true, webStorageEnabled=true, browserName=chrome, takesScreenshot=true, javascriptEnabled=true, cssSelectorsEnabled=true, unexpectedAlertBehaviour=}]&#10;Session ID: d57e37769edc0ec3f0ac25465c0a1d33"/>
  </testcase>
  <testcase name="checkSecondQtyOnPageSetting" classname="ShopPageTests" time="0">
    <skipped message="unexpected alert open: {Alert text : The current design will be lost. Are you sure that you want to leave this page?}&#10;  (Session info: chrome=59.0.3071.115)&#10;  (Driver info: chromedriver=2.30.477700 (0057494ad8732195794a7b32078424f92a5fce41),platform=Windows NT 10.0.14393 x86_64) (WARNING: The server did not provide any stacktrace information)&#10;Command duration or timeout: 3 milliseconds: null&#10;Build info: version: &apos;2.53.1&apos;, revision: &apos;a36b8b1cd5757287168e54b817830adce9b0158d&apos;, time: &apos;2016-06-30 19:26:09&apos;&#10;System info: host: &apos;WIN-UJSDDQRV49J&apos;, ip: &apos;192.168.10.1&apos;, os.name: &apos;Windows 10&apos;, os.arch: &apos;amd64&apos;, os.version: &apos;10.0&apos;, java.version: &apos;1.8.0_131&apos;&#10;Driver info: org.openqa.selenium.chrome.ChromeDriver&#10;Capabilities [{applicationCacheEnabled=false, rotatable=false, mobileEmulationEnabled=false, networkConnectionEnabled=false, chrome={chromedriverVersion=2.30.477700 (0057494ad8732195794a7b32078424f92a5fce41), userDataDir=C:\Users\User\AppData\Local\Temp\scoped_dir6896_17271}, takesHeapSnapshot=true, pageLoadStrategy=normal, databaseEnabled=false, handlesAlerts=true, hasTouchScreen=false, version=59.0.3071.115, platform=XP, browserConnectionEnabled=false, nativeEvents=true, acceptSslCerts=true, locationContextEnabled=true, webStorageEnabled=true, browserName=chrome, takesScreenshot=true, javascriptEnabled=true, cssSelectorsEnabled=true, unexpectedAlertBehaviour=}]&#10;Session ID: d57e37769edc0ec3f0ac25465c0a1d33"/>
  </testcase>
  <testcase name="checkThirdQtyOnPageSetting" classname="ShopPageTests" time="0">
    <skipped message="unexpected alert open: {Alert text : The current design will be lost. Are you sure that you want to leave this page?}&#10;  (Session info: chrome=59.0.3071.115)&#10;  (Driver info: chromedriver=2.30.477700 (0057494ad8732195794a7b32078424f92a5fce41),platform=Windows NT 10.0.14393 x86_64) (WARNING: The server did not provide any stacktrace information)&#10;Command duration or timeout: 3 milliseconds: null&#10;Build info: version: &apos;2.53.1&apos;, revision: &apos;a36b8b1cd5757287168e54b817830adce9b0158d&apos;, time: &apos;2016-06-30 19:26:09&apos;&#10;System info: host: &apos;WIN-UJSDDQRV49J&apos;, ip: &apos;192.168.10.1&apos;, os.name: &apos;Windows 10&apos;, os.arch: &apos;amd64&apos;, os.version: &apos;10.0&apos;, java.version: &apos;1.8.0_131&apos;&#10;Driver info: org.openqa.selenium.chrome.ChromeDriver&#10;Capabilities [{applicationCacheEnabled=false, rotatable=false, mobileEmulationEnabled=false, networkConnectionEnabled=false, chrome={chromedriverVersion=2.30.477700 (0057494ad8732195794a7b32078424f92a5fce41), userDataDir=C:\Users\User\AppData\Local\Temp\scoped_dir6896_17271}, takesHeapSnapshot=true, pageLoadStrategy=normal, databaseEnabled=false, handlesAlerts=true, hasTouchScreen=false, version=59.0.3071.115, platform=XP, browserConnectionEnabled=false, nativeEvents=true, acceptSslCerts=true, locationContextEnabled=true, webStorageEnabled=true, browserName=chrome, takesScreenshot=true, javascriptEnabled=true, cssSelectorsEnabled=true, unexpectedAlertBehaviour=}]&#10;Session ID: d57e37769edc0ec3f0ac25465c0a1d33"/>
  </testcase>
  <testcase name="leftSidebarSearch" classname="ShopPageTests" time="0">
    <skipped message="unexpected alert open: {Alert text : The current design will be lost. Are you sure that you want to leave this page?}&#10;  (Session info: chrome=59.0.3071.115)&#10;  (Driver info: chromedriver=2.30.477700 (0057494ad8732195794a7b32078424f92a5fce41),platform=Windows NT 10.0.14393 x86_64) (WARNING: The server did not provide any stacktrace information)&#10;Command duration or timeout: 3 milliseconds: null&#10;Build info: version: &apos;2.53.1&apos;, revision: &apos;a36b8b1cd5757287168e54b817830adce9b0158d&apos;, time: &apos;2016-06-30 19:26:09&apos;&#10;System info: host: &apos;WIN-UJSDDQRV49J&apos;, ip: &apos;192.168.10.1&apos;, os.name: &apos;Windows 10&apos;, os.arch: &apos;amd64&apos;, os.version: &apos;10.0&apos;, java.version: &apos;1.8.0_131&apos;&#10;Driver info: org.openqa.selenium.chrome.ChromeDriver&#10;Capabilities [{applicationCacheEnabled=false, rotatable=false, mobileEmulationEnabled=false, networkConnectionEnabled=false, chrome={chromedriverVersion=2.30.477700 (0057494ad8732195794a7b32078424f92a5fce41), userDataDir=C:\Users\User\AppData\Local\Temp\scoped_dir6896_17271}, takesHeapSnapshot=true, pageLoadStrategy=normal, databaseEnabled=false, handlesAlerts=true, hasTouchScreen=false, version=59.0.3071.115, platform=XP, browserConnectionEnabled=false, nativeEvents=true, acceptSslCerts=true, locationContextEnabled=true, webStorageEnabled=true, browserName=chrome, takesScreenshot=true, javascriptEnabled=true, cssSelectorsEnabled=true, unexpectedAlertBehaviour=}]&#10;Session ID: d57e37769edc0ec3f0ac25465c0a1d33"/>
  </testcase>
  <testcase name="priceAreEqualOnShopPageAndOnProductsPage" classname="ShopPageTests" time="0">
    <skipped message="unexpected alert open: {Alert text : The current design will be lost. Are you sure that you want to leave this page?}&#10;  (Session info: chrome=59.0.3071.115)&#10;  (Driver info: chromedriver=2.30.477700 (0057494ad8732195794a7b32078424f92a5fce41),platform=Windows NT 10.0.14393 x86_64) (WARNING: The server did not provide any stacktrace information)&#10;Command duration or timeout: 3 milliseconds: null&#10;Build info: version: &apos;2.53.1&apos;, revision: &apos;a36b8b1cd5757287168e54b817830adce9b0158d&apos;, time: &apos;2016-06-30 19:26:09&apos;&#10;System info: host: &apos;WIN-UJSDDQRV49J&apos;, ip: &apos;192.168.10.1&apos;, os.name: &apos;Windows 10&apos;, os.arch: &apos;amd64&apos;, os.version: &apos;10.0&apos;, java.version: &apos;1.8.0_131&apos;&#10;Driver info: org.openqa.selenium.chrome.ChromeDriver&#10;Capabilities [{applicationCacheEnabled=false, rotatable=false, mobileEmulationEnabled=false, networkConnectionEnabled=false, chrome={chromedriverVersion=2.30.477700 (0057494ad8732195794a7b32078424f92a5fce41), userDataDir=C:\Users\User\AppData\Local\Temp\scoped_dir6896_17271}, takesHeapSnapshot=true, pageLoadStrategy=normal, databaseEnabled=false, handlesAlerts=true, hasTouchScreen=false, version=59.0.3071.115, platform=XP, browserConnectionEnabled=false, nativeEvents=true, acceptSslCerts=true, locationContextEnabled=true, webStorageEnabled=true, browserName=chrome, takesScreenshot=true, javascriptEnabled=true, cssSelectorsEnabled=true, unexpectedAlertBehaviour=}]&#10;Session ID: d57e37769edc0ec3f0ac25465c0a1d33"/>
  </testcase>
  <testcase name="topSearch" classname="ShopPageTests" time="0">
    <skipped message="unexpected alert open: {Alert text : The current design will be lost. Are you sure that you want to leave this page?}&#10;  (Session info: chrome=59.0.3071.115)&#10;  (Driver info: chromedriver=2.30.477700 (0057494ad8732195794a7b32078424f92a5fce41),platform=Windows NT 10.0.14393 x86_64) (WARNING: The server did not provide any stacktrace information)&#10;Command duration or timeout: 3 milliseconds: null&#10;Build info: version: &apos;2.53.1&apos;, revision: &apos;a36b8b1cd5757287168e54b817830adce9b0158d&apos;, time: &apos;2016-06-30 19:26:09&apos;&#10;System info: host: &apos;WIN-UJSDDQRV49J&apos;, ip: &apos;192.168.10.1&apos;, os.name: &apos;Windows 10&apos;, os.arch: &apos;amd64&apos;, os.version: &apos;10.0&apos;, java.version: &apos;1.8.0_131&apos;&#10;Driver info: org.openqa.selenium.chrome.ChromeDriver&#10;Capabilities [{applicationCacheEnabled=false, rotatable=false, mobileEmulationEnabled=false, networkConnectionEnabled=false, chrome={chromedriverVersion=2.30.477700 (0057494ad8732195794a7b32078424f92a5fce41), userDataDir=C:\Users\User\AppData\Local\Temp\scoped_dir6896_17271}, takesHeapSnapshot=true, pageLoadStrategy=normal, databaseEnabled=false, handlesAlerts=true, hasTouchScreen=false, version=59.0.3071.115, platform=XP, browserConnectionEnabled=false, nativeEvents=true, acceptSslCerts=true, locationContextEnabled=true, webStorageEnabled=true, browserName=chrome, takesScreenshot=true, javascriptEnabled=true, cssSelectorsEnabled=true, unexpectedAlertBehaviour=}]&#10;Session ID: d57e37769edc0ec3f0ac25465c0a1d33"/>
  </testcase>
  <testcase name="tearDown" classname="ShopPageTests" time="0">
    <skipped/>
  </testcase>
  <testcase name="setUp" classname="TestFuck" time="0">
    <skipped/>
  </testcase>
  <testcase name="setEnv" classname="TestFuck" time="0">
    <skipped/>
  </testcase>
  <testcase name="setEnv" classname="TestFuck" time="0">
    <skipped/>
  </testcase>
  <testcase name="firstTest" classname="TestFuck" time="0">
    <skipped message="unexpected alert open: {Alert text : The current design will be lost. Are you sure that you want to leave this page?}&#10;  (Session info: chrome=59.0.3071.115)&#10;  (Driver info: chromedriver=2.30.477700 (0057494ad8732195794a7b32078424f92a5fce41),platform=Windows NT 10.0.14393 x86_64) (WARNING: The server did not provide any stacktrace information)&#10;Command duration or timeout: 3 milliseconds: null&#10;Build info: version: &apos;2.53.1&apos;, revision: &apos;a36b8b1cd5757287168e54b817830adce9b0158d&apos;, time: &apos;2016-06-30 19:26:09&apos;&#10;System info: host: &apos;WIN-UJSDDQRV49J&apos;, ip: &apos;192.168.10.1&apos;, os.name: &apos;Windows 10&apos;, os.arch: &apos;amd64&apos;, os.version: &apos;10.0&apos;, java.version: &apos;1.8.0_131&apos;&#10;Driver info: org.openqa.selenium.chrome.ChromeDriver&#10;Capabilities [{applicationCacheEnabled=false, rotatable=false, mobileEmulationEnabled=false, networkConnectionEnabled=false, chrome={chromedriverVersion=2.30.477700 (0057494ad8732195794a7b32078424f92a5fce41), userDataDir=C:\Users\User\AppData\Local\Temp\scoped_dir6896_17271}, takesHeapSnapshot=true, pageLoadStrategy=normal, databaseEnabled=false, handlesAlerts=true, hasTouchScreen=false, version=59.0.3071.115, platform=XP, browserConnectionEnabled=false, nativeEvents=true, acceptSslCerts=true, locationContextEnabled=true, webStorageEnabled=true, browserName=chrome, takesScreenshot=true, javascriptEnabled=true, cssSelectorsEnabled=true, unexpectedAlertBehaviour=}]&#10;Session ID: d57e37769edc0ec3f0ac25465c0a1d33"/>
  </testcase>
  <testcase name="secondTest" classname="TestFuck" time="0">
    <skipped message="unexpected alert open: {Alert text : The current design will be lost. Are you sure that you want to leave this page?}&#10;  (Session info: chrome=59.0.3071.115)&#10;  (Driver info: chromedriver=2.30.477700 (0057494ad8732195794a7b32078424f92a5fce41),platform=Windows NT 10.0.14393 x86_64) (WARNING: The server did not provide any stacktrace information)&#10;Command duration or timeout: 3 milliseconds: null&#10;Build info: version: &apos;2.53.1&apos;, revision: &apos;a36b8b1cd5757287168e54b817830adce9b0158d&apos;, time: &apos;2016-06-30 19:26:09&apos;&#10;System info: host: &apos;WIN-UJSDDQRV49J&apos;, ip: &apos;192.168.10.1&apos;, os.name: &apos;Windows 10&apos;, os.arch: &apos;amd64&apos;, os.version: &apos;10.0&apos;, java.version: &apos;1.8.0_131&apos;&#10;Driver info: org.openqa.selenium.chrome.ChromeDriver&#10;Capabilities [{applicationCacheEnabled=false, rotatable=false, mobileEmulationEnabled=false, networkConnectionEnabled=false, chrome={chromedriverVersion=2.30.477700 (0057494ad8732195794a7b32078424f92a5fce41), userDataDir=C:\Users\User\AppData\Local\Temp\scoped_dir6896_17271}, takesHeapSnapshot=true, pageLoadStrategy=normal, databaseEnabled=false, handlesAlerts=true, hasTouchScreen=false, version=59.0.3071.115, platform=XP, browserConnectionEnabled=false, nativeEvents=true, acceptSslCerts=true, locationContextEnabled=true, webStorageEnabled=true, browserName=chrome, takesScreenshot=true, javascriptEnabled=true, cssSelectorsEnabled=true, unexpectedAlertBehaviour=}]&#10;Session ID: d57e37769edc0ec3f0ac25465c0a1d33"/>
  </testcase>
  <testcase name="tearDown" classname="TestFuck" time="0">
    <skipped/>
  </testcase>
  <testcase name="setUp" classname="TestSikuli" time="0">
    <skipped/>
  </testcase>
  <testcase name="setEnv" classname="TestSikuli" time="0">
    <skipped/>
  </testcase>
  <testcase name="setEnv" classname="TestSikuli" time="0">
    <skipped/>
  </testcase>
  <testcase name="compareIMG" classname="TestSikuli" time="0">
    <skipped message="unexpected alert open: {Alert text : The current design will be lost. Are you sure that you want to leave this page?}&#10;  (Session info: chrome=59.0.3071.115)&#10;  (Driver info: chromedriver=2.30.477700 (0057494ad8732195794a7b32078424f92a5fce41),platform=Windows NT 10.0.14393 x86_64) (WARNING: The server did not provide any stacktrace information)&#10;Command duration or timeout: 3 milliseconds: null&#10;Build info: version: &apos;2.53.1&apos;, revision: &apos;a36b8b1cd5757287168e54b817830adce9b0158d&apos;, time: &apos;2016-06-30 19:26:09&apos;&#10;System info: host: &apos;WIN-UJSDDQRV49J&apos;, ip: &apos;192.168.10.1&apos;, os.name: &apos;Windows 10&apos;, os.arch: &apos;amd64&apos;, os.version: &apos;10.0&apos;, java.version: &apos;1.8.0_131&apos;&#10;Driver info: org.openqa.selenium.chrome.ChromeDriver&#10;Capabilities [{applicationCacheEnabled=false, rotatable=false, mobileEmulationEnabled=false, networkConnectionEnabled=false, chrome={chromedriverVersion=2.30.477700 (0057494ad8732195794a7b32078424f92a5fce41), userDataDir=C:\Users\User\AppData\Local\Temp\scoped_dir6896_17271}, takesHeapSnapshot=true, pageLoadStrategy=normal, databaseEnabled=false, handlesAlerts=true, hasTouchScreen=false, version=59.0.3071.115, platform=XP, browserConnectionEnabled=false, nativeEvents=true, acceptSslCerts=true, locationContextEnabled=true, webStorageEnabled=true, browserName=chrome, takesScreenshot=true, javascriptEnabled=true, cssSelectorsEnabled=true, unexpectedAlertBehaviour=}]&#10;Session ID: d57e37769edc0ec3f0ac25465c0a1d33"/>
  </testcase>
  <testcase name="saveIMG" classname="TestSikuli" time="0">
    <skipped message="unexpected alert open: {Alert text : The current design will be lost. Are you sure that you want to leave this page?}&#10;  (Session info: chrome=59.0.3071.115)&#10;  (Driver info: chromedriver=2.30.477700 (0057494ad8732195794a7b32078424f92a5fce41),platform=Windows NT 10.0.14393 x86_64) (WARNING: The server did not provide any stacktrace information)&#10;Command duration or timeout: 3 milliseconds: null&#10;Build info: version: &apos;2.53.1&apos;, revision: &apos;a36b8b1cd5757287168e54b817830adce9b0158d&apos;, time: &apos;2016-06-30 19:26:09&apos;&#10;System info: host: &apos;WIN-UJSDDQRV49J&apos;, ip: &apos;192.168.10.1&apos;, os.name: &apos;Windows 10&apos;, os.arch: &apos;amd64&apos;, os.version: &apos;10.0&apos;, java.version: &apos;1.8.0_131&apos;&#10;Driver info: org.openqa.selenium.chrome.ChromeDriver&#10;Capabilities [{applicationCacheEnabled=false, rotatable=false, mobileEmulationEnabled=false, networkConnectionEnabled=false, chrome={chromedriverVersion=2.30.477700 (0057494ad8732195794a7b32078424f92a5fce41), userDataDir=C:\Users\User\AppData\Local\Temp\scoped_dir6896_17271}, takesHeapSnapshot=true, pageLoadStrategy=normal, databaseEnabled=false, handlesAlerts=true, hasTouchScreen=false, version=59.0.3071.115, platform=XP, browserConnectionEnabled=false, nativeEvents=true, acceptSslCerts=true, locationContextEnabled=true, webStorageEnabled=true, browserName=chrome, takesScreenshot=true, javascriptEnabled=true, cssSelectorsEnabled=true, unexpectedAlertBehaviour=}]&#10;Session ID: d57e37769edc0ec3f0ac25465c0a1d33"/>
  </testcase>
  <testcase name="tearDown" classname="TestSikuli" time="0">
    <skipped/>
  </testcase>
  <testcase name="cleanUp" classname="AbstractTest" time="0">
    <skipped/>
  </testcase>
</testsuite>