<?xml version="1.0" encoding="UTF-8"?>
<!-- Generated by org.testng.reporters.JUnitXMLReporter -->
<testsuite hostname="WIN-UJSDDQRV49J" ignored="5" name="Method Test Cases" tests="1" failures="0" timestamp="29 июл 2017 15:59:59 GMT" time="11.13" errors="0">
  <testcase name="addToCart" time="10.11" classname="product_page.AddToCartTests"/>
  <testcase name="addTwoDifferentProductsWithSameSizeAndColor" time="0.0" classname="product_page.AddToCartTests">
    <ignored/>
  </testcase> <!-- addTwoDifferentProductsWithSameSizeAndColor -->
  <testcase name="addProductTwiceAndCheckQtyAndPrice" time="0.0" classname="product_page.AddToCartTests">
    <ignored/>
  </testcase> <!-- addProductTwiceAndCheckQtyAndPrice -->
  <testcase name="checkPriceSizeAndColor" time="0.0" classname="product_page.AddToCartTests">
    <ignored/>
  </testcase> <!-- checkPriceSizeAndColor -->
  <testcase name="addProductTwiceWithDifferentSize" time="0.0" classname="product_page.AddToCartTests">
    <ignored/>
  </testcase> <!-- addProductTwiceWithDifferentSize -->
  <testcase name="addProductTwiceWithDifferentColor" time="0.0" classname="product_page.AddToCartTests">
    <ignored/>
  </testcase> <!-- addProductTwiceWithDifferentColor -->
</testsuite> <!-- Method Test Cases -->
