<?xml version="1.0" encoding="UTF-8"?>
<!-- Generated by org.testng.reporters.JUnitXMLReporter -->
<testsuite hostname="WIN-UJSDDQRV49J" ignored="0" name="Method Test Cases" tests="35" failures="0" timestamp="30 июл 2017 18:45:53 GMT" time="316.947" errors="0">
  <testcase name="loginAndRedirectToDashboardPage" time="7.265" classname="index.IndexPageTests"/>
  <testcase name="logout" time="7.786" classname="index.IndexPageTests"/>
  <testcase name="searchFromIndexPage" time="3.9" classname="index.IndexPageTests"/>
  <testcase name="checkFirstQtyOnPageSetting" time="4.573" classname="shop.ShopPageTests"/>
  <testcase name="checkPagination" time="12.563" classname="shop.ShopPageTests"/>
  <testcase name="checkSecondQtyOnPageSetting" time="4.164" classname="shop.ShopPageTests"/>
  <testcase name="checkThirdQtyOnPageSetting" time="3.701" classname="shop.ShopPageTests"/>
  <testcase name="leftSidebarSearch" time="3.517" classname="shop.ShopPageTests"/>
  <testcase name="priceAreEqualOnShopPageAndOnProductsPage" time="5.427" classname="shop.ShopPageTests"/>
  <testcase name="qtySortingSavesOnOthersPages" time="12.216" classname="shop.ShopPageTests"/>
  <testcase name="topSearch" time="3.647" classname="shop.ShopPageTests"/>
  <testcase name="addToCartAndCheckCartCounter" time="26.288" classname="product_page.ProductPageTests"/>
  <testcase name="addToCartAndContinueShopping" time="13.65" classname="product_page.ProductPageTests"/>
  <testcase name="addProductTwiceAndCheckQtyAndPrice" time="18.583" classname="product_page.AddToCartTests"/>
  <testcase name="addProductTwiceWithDifferentColor" time="17.407" classname="product_page.AddToCartTests"/>
  <testcase name="addProductTwiceWithDifferentSize" time="17.927" classname="product_page.AddToCartTests"/>
  <testcase name="addToCart" time="6.392" classname="product_page.AddToCartTests"/>
  <testcase name="addTwoDifferentProductsWithSameSizeAndColor" time="2.068" classname="product_page.AddToCartTests"/>
  <testcase name="checkPriceSizeAndColor" time="6.942" classname="product_page.AddToCartTests"/>
  <testcase name="amountPromoPopupAppearsEveryTime" time="6.664" classname="product_page.ProductsWithPromoTests"/>
  <testcase name="amountPromoValueInPopup" time="2.403" classname="product_page.ProductsWithPromoTests"/>
  <testcase name="percentPromoPopupAppearsEveryTime" time="6.621" classname="product_page.ProductsWithPromoTests"/>
  <testcase name="percentPromoValueInPopup" time="2.108" classname="product_page.ProductsWithPromoTests"/>
  <testcase name="promoPopupIsPossibleToClose" time="3.473" classname="product_page.ProductsWithPromoTests"/>
  <testcase name="missingProductSizeValidation" time="2.811" classname="product_page.ValidationTests"/>
  <testcase name="backToStore" time="7.868" classname="checkout.CheckoutPageTests"/>
  <testcase name="checkShippingPrice" time="6.357" classname="checkout.CheckoutPageTests"/>
  <testcase name="addToCartProductWithAmountDiscount" time="7.742" classname="checkout.PromoCodesTests"/>
  <testcase name="addToCartProductWithPercentDiscount" time="7.948" classname="checkout.PromoCodesTests"/>
  <testcase name="increaseProductsWithAmountDiscountQty" time="11.769" classname="checkout.PromoCodesTests"/>
  <testcase name="increaseProductsWithPercentDiscountQty" time="12.134" classname="checkout.PromoCodesTests"/>
  <testcase name="addTwoProductsAndDeleteOne" time="19.864" classname="checkout.OrderedItemsTests"/>
  <testcase name="decreaseItemQty" time="17.016" classname="checkout.OrderedItemsTests"/>
  <testcase name="increaseItemQty" time="12.523" classname="checkout.OrderedItemsTests"/>
  <testcase name="emptyEmailField" time="6.757" classname="checkout.ValidationTests"/>
</testsuite> <!-- Method Test Cases -->
